<?xml version="1.0" encoding="UTF-8"?>
<testng-results ignored="0" total="1" passed="1" failed="0" skipped="0">
  <reporter-output>
  </reporter-output>
  <suite started-at="2023-11-05T14:49:29 BDT" name="Default suite" finished-at="2023-11-05T14:50:15 BDT" duration-ms="45206">
    <groups>
    </groups>
    <test started-at="2023-11-05T14:49:29 BDT" name="Default test" finished-at="2023-11-05T14:50:15 BDT" duration-ms="45206">
      <class name="test.L2Test">
        <test-method is-config="true" signature="setup()[pri:0, instance:test.L2Test@55182842]" started-at="2023-11-05T14:49:29 BDT" name="setup" finished-at="2023-11-05T14:49:32 BDT" duration-ms="2561" status="PASS">
          <reporter-output>
          </reporter-output>
        </test-method> <!-- setup -->
        <test-method signature="Test()[pri:0, instance:test.L2Test@55182842]" started-at="2023-11-05T14:49:32 BDT" name="Test" finished-at="2023-11-05T14:50:15 BDT" duration-ms="42598" status="PASS">
          <reporter-output>
          </reporter-output>
        </test-method> <!-- Test -->
      </class> <!-- test.L2Test -->
    </test> <!-- Default test -->
  </suite> <!-- Default suite -->
</testng-results>
